{"/Users/bella/my-work/tests/solution.js": {"path":"/Users/bella/my-work/tests/solution.js","statementMap":{"0":{"start":{"line":8,"column":17},"end":{"line":31,"column":1}},"1":{"start":{"line":9,"column":2},"end":{"line":12,"column":3}},"2":{"start":{"line":10,"column":4},"end":{"line":10,"column":60}},"3":{"start":{"line":11,"column":4},"end":{"line":11,"column":13}},"4":{"start":{"line":13,"column":23},"end":{"line":13,"column":41}},"5":{"start":{"line":14,"column":2},"end":{"line":30,"column":3}},"6":{"start":{"line":15,"column":4},"end":{"line":15,"column":13}},"7":{"start":{"line":17,"column":27},"end":{"line":23,"column":5}},"8":{"start":{"line":18,"column":18},"end":{"line":18,"column":20}},"9":{"start":{"line":19,"column":6},"end":{"line":21,"column":7}},"10":{"start":{"line":19,"column":19},"end":{"line":19,"column":20}},"11":{"start":{"line":20,"column":8},"end":{"line":20,"column":22}},"12":{"start":{"line":22,"column":6},"end":{"line":22,"column":19}},"13":{"start":{"line":25,"column":20},"end":{"line":25,"column":91}},"14":{"start":{"line":27,"column":23},"end":{"line":27,"column":41}},"15":{"start":{"line":28,"column":4},"end":{"line":28,"column":47}},"16":{"start":{"line":29,"column":4},"end":{"line":29,"column":80}},"17":{"start":{"line":29,"column":63},"end":{"line":29,"column":78}},"18":{"start":{"line":33,"column":0},"end":{"line":33,"column":26}}},"fnMap":{"0":{"name":"(anonymous_0)","decl":{"start":{"line":8,"column":17},"end":{"line":8,"column":18}},"loc":{"start":{"line":8,"column":29},"end":{"line":31,"column":1}},"line":8},"1":{"name":"(anonymous_1)","decl":{"start":{"line":17,"column":27},"end":{"line":17,"column":28}},"loc":{"start":{"line":17,"column":44},"end":{"line":23,"column":5}},"line":17},"2":{"name":"(anonymous_2)","decl":{"start":{"line":29,"column":43},"end":{"line":29,"column":44}},"loc":{"start":{"line":29,"column":63},"end":{"line":29,"column":78}},"line":29}},"branchMap":{"0":{"loc":{"start":{"line":9,"column":2},"end":{"line":12,"column":3}},"type":"if","locations":[{"start":{"line":9,"column":2},"end":{"line":12,"column":3}},{"start":{"line":9,"column":2},"end":{"line":12,"column":3}}],"line":9},"1":{"loc":{"start":{"line":9,"column":6},"end":{"line":9,"column":87}},"type":"binary-expr","locations":[{"start":{"line":9,"column":6},"end":{"line":9,"column":32}},{"start":{"line":9,"column":36},"end":{"line":9,"column":62}},{"start":{"line":9,"column":66},"end":{"line":9,"column":87}}],"line":9},"2":{"loc":{"start":{"line":14,"column":2},"end":{"line":30,"column":3}},"type":"if","locations":[{"start":{"line":14,"column":2},"end":{"line":30,"column":3}},{"start":{"line":14,"column":2},"end":{"line":30,"column":3}}],"line":14}},"s":{"0":1,"1":8,"2":3,"3":3,"4":5,"5":5,"6":2,"7":3,"8":6,"9":6,"10":6,"11":115,"12":6,"13":3,"14":3,"15":3,"16":3,"17":96,"18":1},"f":{"0":8,"1":6,"2":96},"b":{"0":[3,5],"1":[8,6,5],"2":[2,3]},"_coverageSchema":"1a1c01bbd47fc00a2c39e90264f33305004495a9","hash":"f5fe25010721756586029815c64ddc168cdfbff7"}
}
