{"/Users/bella/my-work/tests/highAndLow.js": {"path":"/Users/bella/my-work/tests/highAndLow.js","statementMap":{"0":{"start":{"line":6,"column":14},"end":{"line":6,"column":44}},"1":{"start":{"line":7,"column":2},"end":{"line":7,"column":71}},"2":{"start":{"line":10,"column":0},"end":{"line":10,"column":28}}},"fnMap":{"0":{"name":"highAndLow","decl":{"start":{"line":1,"column":9},"end":{"line":1,"column":19}},"loc":{"start":{"line":1,"column":29},"end":{"line":8,"column":1}},"line":1}},"branchMap":{},"s":{"0":4,"1":4,"2":1},"f":{"0":4},"b":{},"_coverageSchema":"1a1c01bbd47fc00a2c39e90264f33305004495a9","hash":"5bdef6b7dc060bc705f38a8a9d1a52dc96e692b4"}
}
