TN:
SF:solution.js
FN:4,(anonymous_0)
FN:10,(anonymous_1)
FN:19,(anonymous_2)
FN:30,(anonymous_3)
FNF:4
FNH:4
FNDA:5,(anonymous_0)
FNDA:10,(anonymous_1)
FNDA:6,(anonymous_2)
FNDA:96,(anonymous_3)
DA:5,5
DA:6,5
DA:10,1
DA:11,10
DA:12,8
DA:13,6
DA:15,5
DA:16,5
DA:17,2
DA:19,3
DA:20,6
DA:21,6
DA:22,115
DA:24,6
DA:27,3
DA:29,3
DA:30,96
DA:34,1
LF:18
LH:18
BRDA:11,0,0,2
BRDA:11,0,1,8
BRDA:11,1,0,10
BRDA:11,1,1,4
BRDA:12,2,0,2
BRDA:12,2,1,6
BRDA:13,3,0,1
BRDA:13,3,1,5
BRDA:16,4,0,2
BRDA:16,4,1,3
BRF:10
BRH:10
end_of_record
