TN:
SF:highAndLow.js
FN:1,highAndLow
FN:3,(anonymous_1)
FNF:2
FNH:2
FNDA:4,highAndLow
FNDA:21,(anonymous_1)
DA:2,4
DA:3,21
DA:4,4
DA:7,1
LF:4
LH:4
BRF:0
BRH:0
end_of_record
TN:
SF:markdownParser.js
FN:1,markdownParser
FNF:1
FNH:1
FNDA:9,markdownParser
DA:6,9
DA:7,9
DA:8,2
DA:10,7
DA:12,7
DA:13,3
DA:15,4
DA:16,4
DA:21,1
LF:9
LH:9
BRDA:7,0,0,2
BRDA:7,0,1,7
BRDA:12,1,0,3
BRDA:12,1,1,4
BRDA:12,2,0,7
BRDA:12,2,1,5
BRF:6
BRH:6
end_of_record
TN:
SF:solution.js
FN:2,(anonymous_0)
FN:8,(anonymous_1)
FN:15,(anonymous_2)
FN:26,(anonymous_3)
FNF:4
FNH:4
FNDA:4,(anonymous_0)
FNDA:10,(anonymous_1)
FNDA:6,(anonymous_2)
FNDA:96,(anonymous_3)
DA:3,4
DA:4,4
DA:8,1
DA:9,10
DA:10,10
DA:12,6
DA:13,3
DA:15,3
DA:16,6
DA:17,6
DA:18,115
DA:20,6
DA:23,3
DA:25,3
DA:26,96
DA:30,1
DA:31,1
LF:17
LH:17
BRDA:10,0,0,4
BRDA:10,0,1,6
BRDA:12,1,0,3
BRDA:12,1,1,3
BRF:4
BRH:4
end_of_record
